{"name": "test_search_nrobo_and_repost_latest_post", "status": "broken", "statusDetails": {"message": "selenium.common.exceptions.TimeoutException: Message: \nStacktrace:\n\tGetHandleVerifier [0x00CF4CC3+225091]\n\t(No symbol) [0x00C24E11]\n\t(No symbol) [0x00AC9A7A]\n\t(No symbol) [0x00B0175B]\n\t(No symbol) [0x00B0188B]\n\t(No symbol) [0x00B37882]\n\t(No symbol) [0x00B1F5A4]\n\t(No symbol) [0x00B35CB0]\n\t(No symbol) [0x00B1F2F6]\n\t(No symbol) [0x00AF79B9]\n\t(No symbol) [0x00AF879D]\n\tsqlite3_dbdata_init [0x01169A63+4064547]\n\tsqlite3_dbdata_init [0x0117106A+4094762]\n\tsqlite3_dbdata_init [0x0116B968+4072488]\n\tsqlite3_dbdata_init [0x00E6C9C9+930953]\n\t(No symbol) [0x00C307E4]\n\t(No symbol) [0x00C2AD08]\n\t(No symbol) [0x00C2AE31]\n\t(No symbol) [0x00C1CAA0]\n\tBaseThreadInitThunk [0x75EA7BA9+25]\n\tRtlInitializeExceptionChain [0x76F9BE3B+107]\n\tRtlClearBits [0x76F9BDBF+191]", "trace": "self = <PyPi_home_page_test.TestPyPiHomePage object at 0x00000281E980F3B0>\ndriver = <selenium.webdriver.chrome.webdriver.WebDriver (session=\"ec2761bdf77cbf0b7a0b6f6edf56f689\")>\nlogger = <Logger selenium (DEBUG)>\n\n    @pytest.mark.sanity\n    def test_search_nrobo_and_repost_latest_post(self, driver, logger):\n        page_login = PageLogin(driver, logger)\n        page_login.open()\n        page_login.type_email_or_phone()\n        page_login.type_password()\n        page_login.click_on_sign_in_button()\n>       page_login.click_on_verify_button()\n\ntests\\web\\PyPi_home_page_test.py:73: \n_ _ _ _ _ _ _ _ _ _ _ _ _ _ _ _ _ _ _ _ _ _ _ _ _ _ _ _ _ _ _ _ _ _ _ _ _ _ _ _\npages\\Linkedin\\PageLogin.py:75: in click_on_verify_button\n    self.click(*self.btn_verify)\n.venv\\Lib\\site-packages\\nrobo\\selenese\\__init__.py:858: in click\n    self.find_element(by, value).click()\n.venv\\Lib\\site-packages\\nrobo\\selenese\\__init__.py:541: in find_element\n    .until(expected_conditions.presence_of_element_located((by, value)))\n_ _ _ _ _ _ _ _ _ _ _ _ _ _ _ _ _ _ _ _ _ _ _ _ _ _ _ _ _ _ _ _ _ _ _ _ _ _ _ _\n\nself = <selenium.webdriver.support.wait.WebDriverWait (session=\"ec2761bdf77cbf0b7a0b6f6edf56f689\")>\nmethod = <function presence_of_element_located.<locals>._predicate at 0x00000281E91A3B00>\nmessage = ''\n\n    def until(self, method: Callable[[D], Union[Literal[False], T]], message: str = \"\") -> T:\n        \"\"\"Calls the method provided with the driver as an argument until the \\\n        return value does not evaluate to ``False``.\n    \n        :param method: callable(WebDriver)\n        :param message: optional message for :exc:`TimeoutException`\n        :returns: the result of the last call to `method`\n        :raises: :exc:`selenium.common.exceptions.TimeoutException` if timeout occurs\n        \"\"\"\n        screen = None\n        stacktrace = None\n    \n        end_time = time.monotonic() + self._timeout\n        while True:\n            try:\n                value = method(self._driver)\n                if value:\n                    return value\n            except self._ignored_exceptions as exc:\n                screen = getattr(exc, \"screen\", None)\n                stacktrace = getattr(exc, \"stacktrace\", None)\n            time.sleep(self._poll)\n            if time.monotonic() > end_time:\n                break\n>       raise TimeoutException(message, screen, stacktrace)\nE       selenium.common.exceptions.TimeoutException: Message: \nE       Stacktrace:\nE       \tGetHandleVerifier [0x00CF4CC3+225091]\nE       \t(No symbol) [0x00C24E11]\nE       \t(No symbol) [0x00AC9A7A]\nE       \t(No symbol) [0x00B0175B]\nE       \t(No symbol) [0x00B0188B]\nE       \t(No symbol) [0x00B37882]\nE       \t(No symbol) [0x00B1F5A4]\nE       \t(No symbol) [0x00B35CB0]\nE       \t(No symbol) [0x00B1F2F6]\nE       \t(No symbol) [0x00AF79B9]\nE       \t(No symbol) [0x00AF879D]\nE       \tsqlite3_dbdata_init [0x01169A63+4064547]\nE       \tsqlite3_dbdata_init [0x0117106A+4094762]\nE       \tsqlite3_dbdata_init [0x0116B968+4072488]\nE       \tsqlite3_dbdata_init [0x00E6C9C9+930953]\nE       \t(No symbol) [0x00C307E4]\nE       \t(No symbol) [0x00C2AD08]\nE       \t(No symbol) [0x00C2AE31]\nE       \t(No symbol) [0x00C1CAA0]\nE       \tBaseThreadInitThunk [0x75EA7BA9+25]\nE       \tRtlInitializeExceptionChain [0x76F9BE3B+107]\nE       \tRtlClearBits [0x76F9BDBF+191]\n\n.venv\\Lib\\site-packages\\selenium\\webdriver\\support\\wait.py:105: TimeoutException"}, "attachments": [{"name": "screenshot", "source": "6ed61352-5b91-4442-93eb-7a620ad3a600-attachment.png", "type": "image/png"}, {"name": "log", "source": "ee3cc5a7-a8b0-480c-9e59-7bf0f28d4495-attachment.txt", "type": "text/plain"}, {"name": "stdout", "source": "0f1d0ab5-09dd-4a76-91da-9a1d337e72a6-attachment.txt", "type": "text/plain"}], "start": 1711983914783, "stop": 1711983928868, "uuid": "9af4ec75-170f-41ae-acc9-cbd864129e0a", "historyId": "06aea0d015cc2477c8aee7bda37d6e4b", "testCaseId": "06aea0d015cc2477c8aee7bda37d6e4b", "fullName": "tests.web.PyPi_home_page_test.TestPyPiHomePage#test_search_nrobo_and_repost_latest_post", "labels": [{"name": "tag", "value": "sanity"}, {"name": "parentSuite", "value": "tests.web"}, {"name": "suite", "value": "PyPi_home_page_test"}, {"name": "subSuite", "value": "TestPyPiHomePage"}, {"name": "host", "value": "Vishalvivek"}, {"name": "thread", "value": "25456-MainThread"}, {"name": "framework", "value": "pytest"}, {"name": "language", "value": "cpython3"}, {"name": "package", "value": "tests.web.PyPi_home_page_test"}]}