<?xml version="1.0" encoding="utf-8"?><testsuites><testsuite name="pytest" errors="0" failures="1" skipped="0" tests="1" time="29.719" timestamp="2024-04-01T20:47:58.458242" hostname="Vishalvivek"><testcase classname="tests.web.PyPi_home_page_test.TestPyPiHomePage" name="test_search_nrobo_and_repost_latest_post" time="23.044"><failure message="selenium.common.exceptions.TimeoutException: Message: &#10;Stacktrace:&#10;&#09;GetHandleVerifier [0x00CF4CC3+225091]&#10;&#09;(No symbol) [0x00C24E11]&#10;&#09;(No symbol) [0x00AC9A7A]&#10;&#09;(No symbol) [0x00B0175B]&#10;&#09;(No symbol) [0x00B0188B]&#10;&#09;(No symbol) [0x00B37882]&#10;&#09;(No symbol) [0x00B1F5A4]&#10;&#09;(No symbol) [0x00B35CB0]&#10;&#09;(No symbol) [0x00B1F2F6]&#10;&#09;(No symbol) [0x00AF79B9]&#10;&#09;(No symbol) [0x00AF879D]&#10;&#09;sqlite3_dbdata_init [0x01169A63+4064547]&#10;&#09;sqlite3_dbdata_init [0x0117106A+4094762]&#10;&#09;sqlite3_dbdata_init [0x0116B968+4072488]&#10;&#09;sqlite3_dbdata_init [0x00E6C9C9+930953]&#10;&#09;(No symbol) [0x00C307E4]&#10;&#09;(No symbol) [0x00C2AD08]&#10;&#09;(No symbol) [0x00C2AE31]&#10;&#09;(No symbol) [0x00C1CAA0]&#10;&#09;BaseThreadInitThunk [0x75EA7BA9+25]&#10;&#09;RtlInitializeExceptionChain [0x76F9BE3B+107]&#10;&#09;RtlClearBits [0x76F9BDBF+191]">self = &lt;PyPi_home_page_test.TestPyPiHomePage object at 0x00000216F7B2F3B0&gt;, driver = &lt;selenium.webdriver.chrome.webdriver.WebDriver (session="44c088eb8decfdebf75636748f194301")&gt;
logger = &lt;Logger selenium (DEBUG)&gt;

    @pytest.mark.sanity
    def test_search_nrobo_and_repost_latest_post(self, driver, logger):
        page_login = PageLogin(driver, logger)
        page_login.open()
        page_login.type_email_or_phone()
        page_login.type_password()
        page_login.click_on_sign_in_button()
        page_login.click_on_verify_button()
&gt;       page_login.select_verified_()

tests\web\PyPi_home_page_test.py:74: 
_ _ _ _ _ _ _ _ _ _ _ _ _ _ _ _ _ _ _ _ _ _ _ _ _ _ _ _ _ _ _ _ _ _ _ _ _ _ _ _ _ _ _ _ _ _ _ _ _ _ _ _ _ _ _ _ _ _ _ _ _ _ _ _ _ _ _ _ _ _ _ _ _ _ _ _ _ _ _ _ _ _ _ _ _ _ _ _ _ _
pages\Linkedin\PageLogin.py:74: in select_verified_
    self.click(*self.select_li_for_verify)
.venv\Lib\site-packages\nrobo\selenese\__init__.py:858: in click
    self.find_element(by, value).click()
.venv\Lib\site-packages\nrobo\selenese\__init__.py:541: in find_element
    .until(expected_conditions.presence_of_element_located((by, value)))
_ _ _ _ _ _ _ _ _ _ _ _ _ _ _ _ _ _ _ _ _ _ _ _ _ _ _ _ _ _ _ _ _ _ _ _ _ _ _ _ _ _ _ _ _ _ _ _ _ _ _ _ _ _ _ _ _ _ _ _ _ _ _ _ _ _ _ _ _ _ _ _ _ _ _ _ _ _ _ _ _ _ _ _ _ _ _ _ _ _

self = &lt;selenium.webdriver.support.wait.WebDriverWait (session="44c088eb8decfdebf75636748f194301")&gt;
method = &lt;function presence_of_element_located.&lt;locals&gt;._predicate at 0x00000216F74C3B00&gt;, message = ''

    def until(self, method: Callable[[D], Union[Literal[False], T]], message: str = "") -&gt; T:
        """Calls the method provided with the driver as an argument until the \
        return value does not evaluate to ``False``.
    
        :param method: callable(WebDriver)
        :param message: optional message for :exc:`TimeoutException`
        :returns: the result of the last call to `method`
        :raises: :exc:`selenium.common.exceptions.TimeoutException` if timeout occurs
        """
        screen = None
        stacktrace = None
    
        end_time = time.monotonic() + self._timeout
        while True:
            try:
                value = method(self._driver)
                if value:
                    return value
            except self._ignored_exceptions as exc:
                screen = getattr(exc, "screen", None)
                stacktrace = getattr(exc, "stacktrace", None)
            time.sleep(self._poll)
            if time.monotonic() &gt; end_time:
                break
&gt;       raise TimeoutException(message, screen, stacktrace)
E       selenium.common.exceptions.TimeoutException: Message: 
E       Stacktrace:
E       	GetHandleVerifier [0x00CF4CC3+225091]
E       	(No symbol) [0x00C24E11]
E       	(No symbol) [0x00AC9A7A]
E       	(No symbol) [0x00B0175B]
E       	(No symbol) [0x00B0188B]
E       	(No symbol) [0x00B37882]
E       	(No symbol) [0x00B1F5A4]
E       	(No symbol) [0x00B35CB0]
E       	(No symbol) [0x00B1F2F6]
E       	(No symbol) [0x00AF79B9]
E       	(No symbol) [0x00AF879D]
E       	sqlite3_dbdata_init [0x01169A63+4064547]
E       	sqlite3_dbdata_init [0x0117106A+4094762]
E       	sqlite3_dbdata_init [0x0116B968+4072488]
E       	sqlite3_dbdata_init [0x00E6C9C9+930953]
E       	(No symbol) [0x00C307E4]
E       	(No symbol) [0x00C2AD08]
E       	(No symbol) [0x00C2AE31]
E       	(No symbol) [0x00C1CAA0]
E       	BaseThreadInitThunk [0x75EA7BA9+25]
E       	RtlInitializeExceptionChain [0x76F9BE3B+107]
E       	RtlClearBits [0x76F9BDBF+191]

.venv\Lib\site-packages\selenium\webdriver\support\wait.py:105: TimeoutException</failure></testcase></testsuite></testsuites>